#
# There is insufficient memory for the Java Runtime Environment to continue.
# Native memory allocation (malloc) failed to allocate 32744 bytes for ChunkPool::allocate
# Possible reasons:
#   The system is out of physical RAM or swap space
#   The process is running with CompressedOops enabled, and the Java Heap may be blocking the growth of the native heap
# Possible solutions:
#   Reduce memory load on the system
#   Increase physical memory or swap space
#   Check if swap backing store is full
#   Decrease Java heap size (-Xmx/-Xms)
#   Decrease number of Java threads
#   Decrease Java thread stack sizes (-Xss)
#   Set larger code cache with -XX:ReservedCodeCacheSize=
#   JVM is running with Unscaled Compressed Oops mode in which the Java heap is
#     placed in the first 4GB address space. The Java Heap base address is the
#     maximum limit for the native heap growth. Please use -XX:HeapBaseMinAddress
#     to set the Java Heap base and to place the Java Heap above 4GB virtual address.
# This output file may be truncated or incomplete.
#
#  Out of Memory Error (./open/src/hotspot/share/memory/arena.cpp:79), pid=1080, tid=9552
#
# JRE version: OpenJDK Runtime Environment (15.0.1+9) (build 15.0.1+9-18)
# Java VM: OpenJDK 64-Bit Server VM (15.0.1+9-18, mixed mode, tiered, compressed oops, g1 gc, windows-amd64)
# No core dump will be written. Minidumps are not enabled by default on client versions of Windows
#

---------------  S U M M A R Y ------------

Command Line: -Dfile.encoding=Cp1252 -XX:+ShowCodeDetailsInExceptionMessages Chercheur.ChercheurContainer

Host: Intel(R) Core(TM) i5-7300U CPU @ 2.60GHz, 4 cores, 7G,  Windows 10 , 64 bit Build 18362 (10.0.18362.1316)
Time: Mon Feb 15 19:45:04 2021 Morocco Summer Time elapsed time: 59.294967 seconds (0d 0h 0m 59s)

---------------  T H R E A D  ---------------

Current thread (0x0000017cdb812950):  JavaThread "C2 CompilerThread0" daemon [_thread_in_native, id=9552, stack(0x00000009d7d00000,0x00000009d7e00000)]


Current CompileTask:
C2:  59295  777   !   4       java.util.concurrent.ConcurrentHashMap::putVal (432 bytes)

Stack: [0x00000009d7d00000,0x00000009d7e00000]
Native frames: (J=compiled Java code, j=interpreted, Vv=VM code, C=native code)
V  [jvm.dll+0x62ae9a]
V  [jvm.dll+0x781389]
V  [jvm.dll+0x782ae3]
V  [jvm.dll+0x783143]
V  [jvm.dll+0x216265]
V  [jvm.dll+0x9828f]
V  [jvm.dll+0x985dc]
V  [jvm.dll+0x639e9a]
V  [jvm.dll+0x63828b]
V  [jvm.dll+0x17b02c]
V  [jvm.dll+0x27922f]
V  [jvm.dll+0x64362b]
V  [jvm.dll+0x63b16b]
V  [jvm.dll+0x63a797]
V  [jvm.dll+0x6385e5]
V  [jvm.dll+0x17b02c]
V  [jvm.dll+0x27922f]
V  [jvm.dll+0x64362b]
V  [jvm.dll+0x63b16b]
V  [jvm.dll+0x63a797]
V  [jvm.dll+0x6385e5]
V  [jvm.dll+0x17b02c]
V  [jvm.dll+0x1e94c6]
V  [jvm.dll+0x1784c7]
V  [jvm.dll+0x1f9165]
V  [jvm.dll+0x1f720c]
V  [jvm.dll+0x74485d]
V  [jvm.dll+0x73d65a]
V  [jvm.dll+0x629c56]
C  [ucrtbase.dll+0x210b2]
C  [KERNEL32.DLL+0x17c24]
C  [ntdll.dll+0x6d4d1]


---------------  P R O C E S S  ---------------

Threads class SMR info:
_java_thread_list=0x0000017cdc031150, length=24, elements={
0x0000017cdafb8790, 0x0000017cdafb9360, 0x0000017cdb7cf6c0, 0x0000017cdb80a410,
0x0000017cdb80b660, 0x0000017cdb812950, 0x0000017cdb8147c0, 0x0000017cdb815570,
0x0000017cdb995a70, 0x0000017cdb9969f0, 0x0000017cdbe76260, 0x0000017cdbe7c750,
0x0000017cdbe8a7d0, 0x0000017cdbef0f00, 0x0000017cdbf24e90, 0x0000017cdbf869f0,
0x0000017cdbf87390, 0x0000017cdbf89a10, 0x0000017cdbf87860, 0x0000017cdbf88ba0,
0x0000017cdbf86050, 0x0000017cdbf886d0, 0x0000017cdbf86ec0, 0x0000017cdbf89070
}

Java Threads: ( => current thread )
  0x0000017cdafb8790 JavaThread "Reference Handler" daemon [_thread_blocked, id=2272, stack(0x00000009d7800000,0x00000009d7900000)]
  0x0000017cdafb9360 JavaThread "Finalizer" daemon [_thread_blocked, id=10768, stack(0x00000009d7900000,0x00000009d7a00000)]
  0x0000017cdb7cf6c0 JavaThread "Signal Dispatcher" daemon [_thread_blocked, id=6192, stack(0x00000009d7a00000,0x00000009d7b00000)]
  0x0000017cdb80a410 JavaThread "Attach Listener" daemon [_thread_blocked, id=3156, stack(0x00000009d7b00000,0x00000009d7c00000)]
  0x0000017cdb80b660 JavaThread "Service Thread" daemon [_thread_blocked, id=7624, stack(0x00000009d7c00000,0x00000009d7d00000)]
=>0x0000017cdb812950 JavaThread "C2 CompilerThread0" daemon [_thread_in_native, id=9552, stack(0x00000009d7d00000,0x00000009d7e00000)]
  0x0000017cdb8147c0 JavaThread "C1 CompilerThread0" daemon [_thread_in_native, id=912, stack(0x00000009d7e00000,0x00000009d7f00000)]
  0x0000017cdb815570 JavaThread "Sweeper thread" daemon [_thread_blocked, id=10852, stack(0x00000009d7f00000,0x00000009d8000000)]
  0x0000017cdb995a70 JavaThread "Notification Thread" daemon [_thread_blocked, id=2464, stack(0x00000009d8000000,0x00000009d8100000)]
  0x0000017cdb9969f0 JavaThread "Common-Cleaner" daemon [_thread_blocked, id=5864, stack(0x00000009d8200000,0x00000009d8300000)]
  0x0000017cdbe76260 JavaThread "JADE Timer dispatcher" [_thread_blocked, id=10556, stack(0x00000009d8400000,0x00000009d8500000)]
  0x0000017cdbe7c750 JavaThread "JICPServer-51675" daemon [_thread_in_native, id=9056, stack(0x00000009d8500000,0x00000009d8600000)]
  0x0000017cdbe8a7d0 JavaThread "Thread-2" [_thread_blocked, id=3532, stack(0x00000009d8600000,0x00000009d8700000)]
  0x0000017cdbef0f00 JavaThread "Java2D Disposer" daemon [_thread_blocked, id=11396, stack(0x00000009d8800000,0x00000009d8900000)]
  0x0000017cdbf24e90 JavaThread "AWT-Windows" daemon [_thread_in_vm, id=8, stack(0x00000009d8a00000,0x00000009d8b00000)]
  0x0000017cdbf869f0 JavaThread "Deliverer-00" [_thread_blocked, id=11816, stack(0x00000009d8b00000,0x00000009d8c00000)]
  0x0000017cdbf87390 JavaThread "Deliverer-01" [_thread_blocked, id=8048, stack(0x00000009d8c00000,0x00000009d8d00000)]
  0x0000017cdbf89a10 JavaThread "Deliverer-02" [_thread_blocked, id=11040, stack(0x00000009d8d00000,0x00000009d8e00000)]
  0x0000017cdbf87860 JavaThread "Deliverer-03" [_thread_blocked, id=8472, stack(0x00000009d8e00000,0x00000009d8f00000)]
  0x0000017cdbf88ba0 JavaThread "Deliverer-04" [_thread_blocked, id=8948, stack(0x00000009d8f00000,0x00000009d9000000)]
  0x0000017cdbf86050 JavaThread "JICP-CH-1" daemon [_thread_blocked, id=3972, stack(0x00000009d9000000,0x00000009d9100000)]
  0x0000017cdbf886d0 JavaThread "chercheur1" [_thread_blocked, id=4124, stack(0x00000009d9100000,0x00000009d9200000)]
  0x0000017cdbf86ec0 JavaThread "DestroyJavaVM" [_thread_blocked, id=4824, stack(0x00000009d7100000,0x00000009d7200000)]
  0x0000017cdbf89070 JavaThread "AWT-Shutdown" [_thread_blocked, id=9084, stack(0x00000009d9200000,0x00000009d9300000)]

Other Threads:
  0x0000017cdafa1d80 VMThread "VM Thread" [stack: 0x00000009d7700000,0x00000009d7800000] [id=8348]
  0x0000017cdb9966e0 WatcherThread [stack: 0x00000009d8100000,0x00000009d8200000] [id=2936]
  0x0000017cbf65d5e0 GCTaskThread "GC Thread#0" [stack: 0x00000009d7200000,0x00000009d7300000] [id=11012]
  0x0000017cbf66f540 ConcurrentGCThread "G1 Main Marker" [stack: 0x00000009d7300000,0x00000009d7400000] [id=10536]
  0x0000017cbf670950 ConcurrentGCThread "G1 Conc#0" [stack: 0x00000009d7400000,0x00000009d7500000] [id=9616]
  0x0000017cbf6d6c40 ConcurrentGCThread "G1 Refine#0" [stack: 0x00000009d7500000,0x00000009d7600000] [id=11164]
  0x0000017cdadd1940 ConcurrentGCThread "G1 Young RemSet Sampling" [stack: 0x00000009d7600000,0x00000009d7700000] [id=9644]

Threads with active compile tasks:
C2 CompilerThread0    59341  777   !   4       java.util.concurrent.ConcurrentHashMap::putVal (432 bytes)
C1 CompilerThread0    59341  778       3       java.util.logging.LogManager$LoggerContext::getGlobalLogger (6 bytes)

VM state: not at safepoint (normal execution)

VM Mutex/Monitor currently owned by a thread: None

Heap address: 0x0000000081c00000, size: 2020 MB, Compressed Oops mode: 32-bit
CDS disabled.
Compressed class space mapped at: 0x0000000100000000-0x0000000140000000, size: 1073741824
Narrow klass base: 0x0000000000000000, Narrow klass shift: 3, Narrow klass range: 0x140000000

GC Precious Log:
 CPUs: 4 total, 4 available
 Memory: 8074M
 Large Page Support: Disabled
 NUMA Support: Disabled
 Compressed Oops: Enabled (32-bit)
 Heap Region Size: 1M
 Heap Min Capacity: 8M
 Heap Initial Capacity: 128M
 Heap Max Capacity: 2020M
 Pre-touch: Disabled
 Parallel Workers: 4
 Concurrent Workers: 1
 Concurrent Refinement Workers: 4
 Periodic GC: Disabled

Heap:
 garbage-first heap   total 131072K, used 10240K [0x0000000081c00000, 0x0000000100000000)
  region size 1024K, 11 young (11264K), 0 survivors (0K)
 Metaspace       used 14305K, capacity 14408K, committed 14464K, reserved 1062912K
  class space    used 1318K, capacity 1363K, committed 1408K, reserved 1048576K

Heap Regions: E=young(eden), S=young(survivor), O=old, HS=humongous(starts), HC=humongous(continues), CS=collection set, F=free, OA=open archive, CA=closed archive, TAMS=top-at-mark-start (previous, next)
|   0|0x0000000081c00000, 0x0000000081c00000, 0x0000000081d00000|  0%| F|  |TAMS 0x0000000081c00000, 0x0000000081c00000| Untracked 
|   1|0x0000000081d00000, 0x0000000081d00000, 0x0000000081e00000|  0%| F|  |TAMS 0x0000000081d00000, 0x0000000081d00000| Untracked 
|   2|0x0000000081e00000, 0x0000000081e00000, 0x0000000081f00000|  0%| F|  |TAMS 0x0000000081e00000, 0x0000000081e00000| Untracked 
|   3|0x0000000081f00000, 0x0000000081f00000, 0x0000000082000000|  0%| F|  |TAMS 0x0000000081f00000, 0x0000000081f00000| Untracked 
|   4|0x0000000082000000, 0x0000000082000000, 0x0000000082100000|  0%| F|  |TAMS 0x0000000082000000, 0x0000000082000000| Untracked 
|   5|0x0000000082100000, 0x0000000082100000, 0x0000000082200000|  0%| F|  |TAMS 0x0000000082100000, 0x0000000082100000| Untracked 
|   6|0x0000000082200000, 0x0000000082200000, 0x0000000082300000|  0%| F|  |TAMS 0x0000000082200000, 0x0000000082200000| Untracked 
|   7|0x0000000082300000, 0x0000000082300000, 0x0000000082400000|  0%| F|  |TAMS 0x0000000082300000, 0x0000000082300000| Untracked 
|   8|0x0000000082400000, 0x0000000082400000, 0x0000000082500000|  0%| F|  |TAMS 0x0000000082400000, 0x0000000082400000| Untracked 
|   9|0x0000000082500000, 0x0000000082500000, 0x0000000082600000|  0%| F|  |TAMS 0x0000000082500000, 0x0000000082500000| Untracked 
|  10|0x0000000082600000, 0x0000000082600000, 0x0000000082700000|  0%| F|  |TAMS 0x0000000082600000, 0x0000000082600000| Untracked 
|  11|0x0000000082700000, 0x0000000082700000, 0x0000000082800000|  0%| F|  |TAMS 0x0000000082700000, 0x0000000082700000| Untracked 
|  12|0x0000000082800000, 0x0000000082800000, 0x0000000082900000|  0%| F|  |TAMS 0x0000000082800000, 0x0000000082800000| Untracked 
|  13|0x0000000082900000, 0x0000000082900000, 0x0000000082a00000|  0%| F|  |TAMS 0x0000000082900000, 0x0000000082900000| Untracked 
|  14|0x0000000082a00000, 0x0000000082a00000, 0x0000000082b00000|  0%| F|  |TAMS 0x0000000082a00000, 0x0000000082a00000| Untracked 
|  15|0x0000000082b00000, 0x0000000082b00000, 0x0000000082c00000|  0%| F|  |TAMS 0x0000000082b00000, 0x0000000082b00000| Untracked 
|  16|0x0000000082c00000, 0x0000000082c00000, 0x0000000082d00000|  0%| F|  |TAMS 0x0000000082c00000, 0x0000000082c00000| Untracked 
|  17|0x0000000082d00000, 0x0000000082d00000, 0x0000000082e00000|  0%| F|  |TAMS 0x0000000082d00000, 0x0000000082d00000| Untracked 
|  18|0x0000000082e00000, 0x0000000082e00000, 0x0000000082f00000|  0%| F|  |TAMS 0x0000000082e00000, 0x0000000082e00000| Untracked 
|  19|0x0000000082f00000, 0x0000000082f00000, 0x0000000083000000|  0%| F|  |TAMS 0x0000000082f00000, 0x0000000082f00000| Untracked 
|  20|0x0000000083000000, 0x0000000083000000, 0x0000000083100000|  0%| F|  |TAMS 0x0000000083000000, 0x0000000083000000| Untracked 
|  21|0x0000000083100000, 0x0000000083100000, 0x0000000083200000|  0%| F|  |TAMS 0x0000000083100000, 0x0000000083100000| Untracked 
|  22|0x0000000083200000, 0x0000000083200000, 0x0000000083300000|  0%| F|  |TAMS 0x0000000083200000, 0x0000000083200000| Untracked 
|  23|0x0000000083300000, 0x0000000083300000, 0x0000000083400000|  0%| F|  |TAMS 0x0000000083300000, 0x0000000083300000| Untracked 
|  24|0x0000000083400000, 0x0000000083400000, 0x0000000083500000|  0%| F|  |TAMS 0x0000000083400000, 0x0000000083400000| Untracked 
|  25|0x0000000083500000, 0x0000000083500000, 0x0000000083600000|  0%| F|  |TAMS 0x0000000083500000, 0x0000000083500000| Untracked 
|  26|0x0000000083600000, 0x0000000083600000, 0x0000000083700000|  0%| F|  |TAMS 0x0000000083600000, 0x0000000083600000| Untracked 
|  27|0x0000000083700000, 0x0000000083700000, 0x0000000083800000|  0%| F|  |TAMS 0x0000000083700000, 0x0000000083700000| Untracked 
|  28|0x0000000083800000, 0x0000000083800000, 0x0000000083900000|  0%| F|  |TAMS 0x0000000083800000, 0x0000000083800000| Untracked 
|  29|0x0000000083900000, 0x0000000083900000, 0x0000000083a00000|  0%| F|  |TAMS 0x0000000083900000, 0x0000000083900000| Untracked 
|  30|0x0000000083a00000, 0x0000000083a00000, 0x0000000083b00000|  0%| F|  |TAMS 0x0000000083a00000, 0x0000000083a00000| Untracked 
|  31|0x0000000083b00000, 0x0000000083b00000, 0x0000000083c00000|  0%| F|  |TAMS 0x0000000083b00000, 0x0000000083b00000| Untracked 
|  32|0x0000000083c00000, 0x0000000083c00000, 0x0000000083d00000|  0%| F|  |TAMS 0x0000000083c00000, 0x0000000083c00000| Untracked 
|  33|0x0000000083d00000, 0x0000000083d00000, 0x0000000083e00000|  0%| F|  |TAMS 0x0000000083d00000, 0x0000000083d00000| Untracked 
|  34|0x0000000083e00000, 0x0000000083e00000, 0x0000000083f00000|  0%| F|  |TAMS 0x0000000083e00000, 0x0000000083e00000| Untracked 
|  35|0x0000000083f00000, 0x0000000083f00000, 0x0000000084000000|  0%| F|  |TAMS 0x0000000083f00000, 0x0000000083f00000| Untracked 
|  36|0x0000000084000000, 0x0000000084000000, 0x0000000084100000|  0%| F|  |TAMS 0x0000000084000000, 0x0000000084000000| Untracked 
|  37|0x0000000084100000, 0x0000000084100000, 0x0000000084200000|  0%| F|  |TAMS 0x0000000084100000, 0x0000000084100000| Untracked 
|  38|0x0000000084200000, 0x0000000084200000, 0x0000000084300000|  0%| F|  |TAMS 0x0000000084200000, 0x0000000084200000| Untracked 
|  39|0x0000000084300000, 0x0000000084300000, 0x0000000084400000|  0%| F|  |TAMS 0x0000000084300000, 0x0000000084300000| Untracked 
|  40|0x0000000084400000, 0x0000000084400000, 0x0000000084500000|  0%| F|  |TAMS 0x0000000084400000, 0x0000000084400000| Untracked 
|  41|0x0000000084500000, 0x0000000084500000, 0x0000000084600000|  0%| F|  |TAMS 0x0000000084500000, 0x0000000084500000| Untracked 
|  42|0x0000000084600000, 0x0000000084600000, 0x0000000084700000|  0%| F|  |TAMS 0x0000000084600000, 0x0000000084600000| Untracked 
|  43|0x0000000084700000, 0x0000000084700000, 0x0000000084800000|  0%| F|  |TAMS 0x0000000084700000, 0x0000000084700000| Untracked 
|  44|0x0000000084800000, 0x0000000084800000, 0x0000000084900000|  0%| F|  |TAMS 0x0000000084800000, 0x0000000084800000| Untracked 
|  45|0x0000000084900000, 0x0000000084900000, 0x0000000084a00000|  0%| F|  |TAMS 0x0000000084900000, 0x0000000084900000| Untracked 
|  46|0x0000000084a00000, 0x0000000084a00000, 0x0000000084b00000|  0%| F|  |TAMS 0x0000000084a00000, 0x0000000084a00000| Untracked 
|  47|0x0000000084b00000, 0x0000000084b00000, 0x0000000084c00000|  0%| F|  |TAMS 0x0000000084b00000, 0x0000000084b00000| Untracked 
|  48|0x0000000084c00000, 0x0000000084c00000, 0x0000000084d00000|  0%| F|  |TAMS 0x0000000084c00000, 0x0000000084c00000| Untracked 
|  49|0x0000000084d00000, 0x0000000084d00000, 0x0000000084e00000|  0%| F|  |TAMS 0x0000000084d00000, 0x0000000084d00000| Untracked 
|  50|0x0000000084e00000, 0x0000000084e00000, 0x0000000084f00000|  0%| F|  |TAMS 0x0000000084e00000, 0x0000000084e00000| Untracked 
|  51|0x0000000084f00000, 0x0000000084f00000, 0x0000000085000000|  0%| F|  |TAMS 0x0000000084f00000, 0x0000000084f00000| Untracked 
|  52|0x0000000085000000, 0x0000000085000000, 0x0000000085100000|  0%| F|  |TAMS 0x0000000085000000, 0x0000000085000000| Untracked 
|  53|0x0000000085100000, 0x0000000085100000, 0x0000000085200000|  0%| F|  |TAMS 0x0000000085100000, 0x0000000085100000| Untracked 
|  54|0x0000000085200000, 0x0000000085200000, 0x0000000085300000|  0%| F|  |TAMS 0x0000000085200000, 0x0000000085200000| Untracked 
|  55|0x0000000085300000, 0x0000000085300000, 0x0000000085400000|  0%| F|  |TAMS 0x0000000085300000, 0x0000000085300000| Untracked 
|  56|0x0000000085400000, 0x0000000085400000, 0x0000000085500000|  0%| F|  |TAMS 0x0000000085400000, 0x0000000085400000| Untracked 
|  57|0x0000000085500000, 0x0000000085500000, 0x0000000085600000|  0%| F|  |TAMS 0x0000000085500000, 0x0000000085500000| Untracked 
|  58|0x0000000085600000, 0x0000000085600000, 0x0000000085700000|  0%| F|  |TAMS 0x0000000085600000, 0x0000000085600000| Untracked 
|  59|0x0000000085700000, 0x0000000085700000, 0x0000000085800000|  0%| F|  |TAMS 0x0000000085700000, 0x0000000085700000| Untracked 
|  60|0x0000000085800000, 0x0000000085800000, 0x0000000085900000|  0%| F|  |TAMS 0x0000000085800000, 0x0000000085800000| Untracked 
|  61|0x0000000085900000, 0x0000000085900000, 0x0000000085a00000|  0%| F|  |TAMS 0x0000000085900000, 0x0000000085900000| Untracked 
|  62|0x0000000085a00000, 0x0000000085a00000, 0x0000000085b00000|  0%| F|  |TAMS 0x0000000085a00000, 0x0000000085a00000| Untracked 
|  63|0x0000000085b00000, 0x0000000085b00000, 0x0000000085c00000|  0%| F|  |TAMS 0x0000000085b00000, 0x0000000085b00000| Untracked 
|  64|0x0000000085c00000, 0x0000000085c00000, 0x0000000085d00000|  0%| F|  |TAMS 0x0000000085c00000, 0x0000000085c00000| Untracked 
|  65|0x0000000085d00000, 0x0000000085d00000, 0x0000000085e00000|  0%| F|  |TAMS 0x0000000085d00000, 0x0000000085d00000| Untracked 
|  66|0x0000000085e00000, 0x0000000085e00000, 0x0000000085f00000|  0%| F|  |TAMS 0x0000000085e00000, 0x0000000085e00000| Untracked 
|  67|0x0000000085f00000, 0x0000000085f00000, 0x0000000086000000|  0%| F|  |TAMS 0x0000000085f00000, 0x0000000085f00000| Untracked 
|  68|0x0000000086000000, 0x0000000086000000, 0x0000000086100000|  0%| F|  |TAMS 0x0000000086000000, 0x0000000086000000| Untracked 
|  69|0x0000000086100000, 0x0000000086100000, 0x0000000086200000|  0%| F|  |TAMS 0x0000000086100000, 0x0000000086100000| Untracked 
|  70|0x0000000086200000, 0x0000000086200000, 0x0000000086300000|  0%| F|  |TAMS 0x0000000086200000, 0x0000000086200000| Untracked 
|  71|0x0000000086300000, 0x0000000086300000, 0x0000000086400000|  0%| F|  |TAMS 0x0000000086300000, 0x0000000086300000| Untracked 
|  72|0x0000000086400000, 0x0000000086400000, 0x0000000086500000|  0%| F|  |TAMS 0x0000000086400000, 0x0000000086400000| Untracked 
|  73|0x0000000086500000, 0x0000000086500000, 0x0000000086600000|  0%| F|  |TAMS 0x0000000086500000, 0x0000000086500000| Untracked 
|  74|0x0000000086600000, 0x0000000086600000, 0x0000000086700000|  0%| F|  |TAMS 0x0000000086600000, 0x0000000086600000| Untracked 
|  75|0x0000000086700000, 0x0000000086700000, 0x0000000086800000|  0%| F|  |TAMS 0x0000000086700000, 0x0000000086700000| Untracked 
|  76|0x0000000086800000, 0x0000000086800000, 0x0000000086900000|  0%| F|  |TAMS 0x0000000086800000, 0x0000000086800000| Untracked 
|  77|0x0000000086900000, 0x0000000086900000, 0x0000000086a00000|  0%| F|  |TAMS 0x0000000086900000, 0x0000000086900000| Untracked 
|  78|0x0000000086a00000, 0x0000000086a00000, 0x0000000086b00000|  0%| F|  |TAMS 0x0000000086a00000, 0x0000000086a00000| Untracked 
|  79|0x0000000086b00000, 0x0000000086b00000, 0x0000000086c00000|  0%| F|  |TAMS 0x0000000086b00000, 0x0000000086b00000| Untracked 
|  80|0x0000000086c00000, 0x0000000086c00000, 0x0000000086d00000|  0%| F|  |TAMS 0x0000000086c00000, 0x0000000086c00000| Untracked 
|  81|0x0000000086d00000, 0x0000000086d00000, 0x0000000086e00000|  0%| F|  |TAMS 0x0000000086d00000, 0x0000000086d00000| Untracked 
|  82|0x0000000086e00000, 0x0000000086e00000, 0x0000000086f00000|  0%| F|  |TAMS 0x0000000086e00000, 0x0000000086e00000| Untracked 
|  83|0x0000000086f00000, 0x0000000086f00000, 0x0000000087000000|  0%| F|  |TAMS 0x0000000086f00000, 0x0000000086f00000| Untracked 
|  84|0x0000000087000000, 0x0000000087000000, 0x0000000087100000|  0%| F|  |TAMS 0x0000000087000000, 0x0000000087000000| Untracked 
|  85|0x0000000087100000, 0x0000000087100000, 0x0000000087200000|  0%| F|  |TAMS 0x0000000087100000, 0x0000000087100000| Untracked 
|  86|0x0000000087200000, 0x0000000087200000, 0x0000000087300000|  0%| F|  |TAMS 0x0000000087200000, 0x0000000087200000| Untracked 
|  87|0x0000000087300000, 0x0000000087300000, 0x0000000087400000|  0%| F|  |TAMS 0x0000000087300000, 0x0000000087300000| Untracked 
|  88|0x0000000087400000, 0x0000000087400000, 0x0000000087500000|  0%| F|  |TAMS 0x0000000087400000, 0x0000000087400000| Untracked 
|  89|0x0000000087500000, 0x0000000087500000, 0x0000000087600000|  0%| F|  |TAMS 0x0000000087500000, 0x0000000087500000| Untracked 
|  90|0x0000000087600000, 0x0000000087600000, 0x0000000087700000|  0%| F|  |TAMS 0x0000000087600000, 0x0000000087600000| Untracked 
|  91|0x0000000087700000, 0x0000000087700000, 0x0000000087800000|  0%| F|  |TAMS 0x0000000087700000, 0x0000000087700000| Untracked 
|  92|0x0000000087800000, 0x0000000087800000, 0x0000000087900000|  0%| F|  |TAMS 0x0000000087800000, 0x0000000087800000| Untracked 
|  93|0x0000000087900000, 0x0000000087900000, 0x0000000087a00000|  0%| F|  |TAMS 0x0000000087900000, 0x0000000087900000| Untracked 
|  94|0x0000000087a00000, 0x0000000087a00000, 0x0000000087b00000|  0%| F|  |TAMS 0x0000000087a00000, 0x0000000087a00000| Untracked 
|  95|0x0000000087b00000, 0x0000000087b00000, 0x0000000087c00000|  0%| F|  |TAMS 0x0000000087b00000, 0x0000000087b00000| Untracked 
|  96|0x0000000087c00000, 0x0000000087c00000, 0x0000000087d00000|  0%| F|  |TAMS 0x0000000087c00000, 0x0000000087c00000| Untracked 
|  97|0x0000000087d00000, 0x0000000087d00000, 0x0000000087e00000|  0%| F|  |TAMS 0x0000000087d00000, 0x0000000087d00000| Untracked 
|  98|0x0000000087e00000, 0x0000000087e00000, 0x0000000087f00000|  0%| F|  |TAMS 0x0000000087e00000, 0x0000000087e00000| Untracked 
|  99|0x0000000087f00000, 0x0000000087f00000, 0x0000000088000000|  0%| F|  |TAMS 0x0000000087f00000, 0x0000000087f00000| Untracked 
| 100|0x0000000088000000, 0x0000000088000000, 0x0000000088100000|  0%| F|  |TAMS 0x0000000088000000, 0x0000000088000000| Untracked 
| 101|0x0000000088100000, 0x0000000088100000, 0x0000000088200000|  0%| F|  |TAMS 0x0000000088100000, 0x0000000088100000| Untracked 
| 102|0x0000000088200000, 0x0000000088200000, 0x0000000088300000|  0%| F|  |TAMS 0x0000000088200000, 0x0000000088200000| Untracked 
| 103|0x0000000088300000, 0x0000000088300000, 0x0000000088400000|  0%| F|  |TAMS 0x0000000088300000, 0x0000000088300000| Untracked 
| 104|0x0000000088400000, 0x0000000088400000, 0x0000000088500000|  0%| F|  |TAMS 0x0000000088400000, 0x0000000088400000| Untracked 
| 105|0x0000000088500000, 0x0000000088500000, 0x0000000088600000|  0%| F|  |TAMS 0x0000000088500000, 0x0000000088500000| Untracked 
| 106|0x0000000088600000, 0x0000000088600000, 0x0000000088700000|  0%| F|  |TAMS 0x0000000088600000, 0x0000000088600000| Untracked 
| 107|0x0000000088700000, 0x0000000088700000, 0x0000000088800000|  0%| F|  |TAMS 0x0000000088700000, 0x0000000088700000| Untracked 
| 108|0x0000000088800000, 0x0000000088800000, 0x0000000088900000|  0%| F|  |TAMS 0x0000000088800000, 0x0000000088800000| Untracked 
| 109|0x0000000088900000, 0x0000000088900000, 0x0000000088a00000|  0%| F|  |TAMS 0x0000000088900000, 0x0000000088900000| Untracked 
| 110|0x0000000088a00000, 0x0000000088a00000, 0x0000000088b00000|  0%| F|  |TAMS 0x0000000088a00000, 0x0000000088a00000| Untracked 
| 111|0x0000000088b00000, 0x0000000088b00000, 0x0000000088c00000|  0%| F|  |TAMS 0x0000000088b00000, 0x0000000088b00000| Untracked 
| 112|0x0000000088c00000, 0x0000000088c00000, 0x0000000088d00000|  0%| F|  |TAMS 0x0000000088c00000, 0x0000000088c00000| Untracked 
| 113|0x0000000088d00000, 0x0000000088d00000, 0x0000000088e00000|  0%| F|  |TAMS 0x0000000088d00000, 0x0000000088d00000| Untracked 
| 114|0x0000000088e00000, 0x0000000088e00000, 0x0000000088f00000|  0%| F|  |TAMS 0x0000000088e00000, 0x0000000088e00000| Untracked 
| 115|0x0000000088f00000, 0x0000000088f00000, 0x0000000089000000|  0%| F|  |TAMS 0x0000000088f00000, 0x0000000088f00000| Untracked 
| 116|0x0000000089000000, 0x0000000089000000, 0x0000000089100000|  0%| F|  |TAMS 0x0000000089000000, 0x0000000089000000| Untracked 
| 117|0x0000000089100000, 0x0000000089200000, 0x0000000089200000|100%| E|  |TAMS 0x0000000089100000, 0x0000000089100000| Complete 
| 118|0x0000000089200000, 0x0000000089300000, 0x0000000089300000|100%| E|CS|TAMS 0x0000000089200000, 0x0000000089200000| Complete 
| 119|0x0000000089300000, 0x0000000089400000, 0x0000000089400000|100%| E|CS|TAMS 0x0000000089300000, 0x0000000089300000| Complete 
| 120|0x0000000089400000, 0x0000000089500000, 0x0000000089500000|100%| E|CS|TAMS 0x0000000089400000, 0x0000000089400000| Complete 
| 121|0x0000000089500000, 0x0000000089600000, 0x0000000089600000|100%| E|CS|TAMS 0x0000000089500000, 0x0000000089500000| Complete 
| 122|0x0000000089600000, 0x0000000089700000, 0x0000000089700000|100%| E|CS|TAMS 0x0000000089600000, 0x0000000089600000| Complete 
| 123|0x0000000089700000, 0x0000000089800000, 0x0000000089800000|100%| E|CS|TAMS 0x0000000089700000, 0x0000000089700000| Complete 
| 124|0x0000000089800000, 0x0000000089900000, 0x0000000089900000|100%| E|CS|TAMS 0x0000000089800000, 0x0000000089800000| Complete 
| 125|0x0000000089900000, 0x0000000089a00000, 0x0000000089a00000|100%| E|CS|TAMS 0x0000000089900000, 0x0000000089900000| Complete 
| 126|0x0000000089a00000, 0x0000000089b00000, 0x0000000089b00000|100%| E|CS|TAMS 0x0000000089a00000, 0x0000000089a00000| Complete 
| 127|0x0000000089b00000, 0x0000000089c00000, 0x0000000089c00000|100%| E|CS|TAMS 0x0000000089b00000, 0x0000000089b00000| Complete 

Card table byte_map: [0x0000017cd4210000,0x0000017cd4610000] _byte_map_base: 0x0000017cd3e02000

Marking Bits (Prev, Next): (CMBitMap*) 0x0000017cbf65ee60, (CMBitMap*) 0x0000017cbf65eea0
 Prev Bits: [0x0000017cd4a10000, 0x0000017cd69a0000)
 Next Bits: [0x0000017cd69a0000, 0x0000017cd8930000)

Polling page: 0x0000017cbf490000

Metaspace:

Usage:
  Non-class:     12.74 MB capacity,    12.68 MB (>99%) used,    43.65 KB ( <1%) free+waste,    13.75 KB ( <1%) overhead. 
      Class:      1.33 MB capacity,     1.29 MB ( 97%) used,    40.51 KB (  3%) free+waste,     4.44 KB ( <1%) overhead. 
       Both:     14.07 MB capacity,    13.97 MB (>99%) used,    84.16 KB ( <1%) free+waste,    18.19 KB ( <1%) overhead. 

Virtual space:
  Non-class space:       14.00 MB reserved,      12.75 MB ( 91%) committed 
      Class space:        1.00 GB reserved,       1.38 MB ( <1%) committed 
             Both:        1.01 GB reserved,      14.13 MB (  1%) committed 

Chunk freelists:
   Non-Class:  11.00 KB
       Class:  13.00 KB
        Both:  24.00 KB

MaxMetaspaceSize: 17179869184.00 GB
CompressedClassSpaceSize: 1.00 GB

CodeHeap 'non-profiled nmethods': size=120000Kb used=223Kb max_used=223Kb free=119776Kb
 bounds [0x0000017ccc2a0000, 0x0000017ccc510000, 0x0000017cd37d0000]
CodeHeap 'profiled nmethods': size=120000Kb used=1346Kb max_used=1346Kb free=118653Kb
 bounds [0x0000017cc4d70000, 0x0000017cc4fe0000, 0x0000017ccc2a0000]
CodeHeap 'non-nmethods': size=5760Kb used=1209Kb max_used=1225Kb free=4550Kb
 bounds [0x0000017cc47d0000, 0x0000017cc4a40000, 0x0000017cc4d70000]
 total_blobs=1257 nmethods=776 adapters=394
 compilation: enabled
              stopped_count=0, restarted_count=0
 full_count=0

Compilation events (20 events):
Event: 0.831 Thread 0x0000017cdb8147c0 nmethod 766 0x0000017cc4eb9d90 code [0x0000017cc4eb9f80, 0x0000017cc4eba4c8]
Event: 0.831 Thread 0x0000017cdb8147c0  767  s    3       java.util.Hashtable::put (104 bytes)
Event: 0.832 Thread 0x0000017cdb8147c0 nmethod 767 0x0000017cc4eba690 code [0x0000017cc4eba8a0, 0x0000017cc4ebaf78]
Event: 0.832 Thread 0x0000017cdb8147c0  768       3       java.util.Hashtable::addEntry (87 bytes)
Event: 0.832 Thread 0x0000017cdb8147c0 nmethod 768 0x0000017cc4ebb210 code [0x0000017cc4ebb400, 0x0000017cc4ebbb18]
Event: 0.832 Thread 0x0000017cdb8147c0  769       3       java.util.Hashtable$Entry::<init> (26 bytes)
Event: 0.832 Thread 0x0000017cdb8147c0 nmethod 769 0x0000017cc4ebbd90 code [0x0000017cc4ebbf40, 0x0000017cc4ebc1b8]
Event: 0.832 Thread 0x0000017cdb8147c0  770       3       java.util.Properties::get (9 bytes)
Event: 0.832 Thread 0x0000017cdb8147c0 nmethod 770 0x0000017cc4ebc290 code [0x0000017cc4ebc440, 0x0000017cc4ebc588]
Event: 0.833 Thread 0x0000017cdb8147c0  771       1       java.util.concurrent.locks.AbstractOwnableSynchronizer::setExclusiveOwnerThread (6 bytes)
Event: 0.833 Thread 0x0000017cdb8147c0 nmethod 771 0x0000017ccc2d7610 code [0x0000017ccc2d77a0, 0x0000017ccc2d7898]
Event: 0.833 Thread 0x0000017cdb8147c0  772       1       java.nio.Buffer::capacity (5 bytes)
Event: 0.833 Thread 0x0000017cdb8147c0 nmethod 772 0x0000017ccc2d7910 code [0x0000017ccc2d7aa0, 0x0000017ccc2d7b58]
Event: 0.834 Thread 0x0000017cdb8147c0  773       3       java.io.ByteArrayOutputStream::ensureCapacity (32 bytes)
Event: 0.834 Thread 0x0000017cdb8147c0 nmethod 773 0x0000017cc4ebc690 code [0x0000017cc4ebc880, 0x0000017cc4ebcd58]
Event: 0.841 Thread 0x0000017cdb8147c0  774       3       java.util.zip.ZipFile::getZipEntry (299 bytes)
Event: 0.845 Thread 0x0000017cdb8147c0 nmethod 774 0x0000017cc4ebcf10 code [0x0000017cc4ebd360, 0x0000017cc4ebf7b8]
Event: 59.290 Thread 0x0000017cdb8147c0  776       3       jdk.internal.org.objectweb.asm.SymbolTable$Entry::<init> (18 bytes)
Event: 59.290 Thread 0x0000017cdb8147c0 nmethod 776 0x0000017cc4ec0590 code [0x0000017cc4ec0740, 0x0000017cc4ec08a8]
Event: 59.290 Thread 0x0000017cdb812950  777   !   4       java.util.concurrent.ConcurrentHashMap::putVal (432 bytes)

GC Heap History (0 events):
No events

Deoptimization events (4 events):
Event: 0.149 Thread 0x0000017cbf61dd90 Uncommon trap: trap_request=0xffffff45 fr.pc=0x0000017ccc2a43b8 relative=0x0000000000000218
Event: 0.149 Thread 0x0000017cbf61dd90 Uncommon trap: reason=unstable_if action=reinterpret pc=0x0000017ccc2a43b8 method=java.lang.String.hashCode()I @ 42 c2
Event: 0.149 Thread 0x0000017cbf61dd90 DEOPT PACKING pc=0x0000017ccc2a43b8 sp=0x00000009d71fdaf0
Event: 0.149 Thread 0x0000017cbf61dd90 DEOPT UNPACKING pc=0x0000017cc481e42f sp=0x00000009d71fda88 mode 2

Classes unloaded (0 events):
No events

Classes redefined (0 events):
No events

Internal exceptions (11 events):
Event: 0.253 Thread 0x0000017cbf61dd90 Exception <a 'java/lang/NoSuchMethodError'{0x0000000089aa3010}: 'void java.lang.invoke.DirectMethodHandle$Holder.invokeSpecial(java.lang.Object, java.lang.Object, java.lang.Object)'> (0x0000000089aa3010) 
thrown [./open/src/hotspot/share/interpreter/linkResolver.cpp, line 782]
Event: 0.395 Thread 0x0000017cbf61dd90 Exception <a 'java/lang/NoSuchMethodError'{0x00000000899bc208}: 'java.lang.Object java.lang.invoke.DirectMethodHandle$Holder.invokeStatic(java.lang.Object)'> (0x00000000899bc208) 
thrown [./open/src/hotspot/share/interpreter/linkResolver.cpp, line 782]
Event: 0.395 Thread 0x0000017cbf61dd90 Exception <a 'java/lang/NoSuchMethodError'{0x00000000899bf958}: 'java.lang.Object java.lang.invoke.DirectMethodHandle$Holder.invokeStaticInit(java.lang.Object)'> (0x00000000899bf958) 
thrown [./open/src/hotspot/share/interpreter/linkResolver.cpp, line 782]
Event: 0.435 Thread 0x0000017cbf61dd90 Exception <a 'java/lang/ClassNotFoundException'{0x0000000089807ec8}: sun/util/logging/resources/spi/loggingProvider> (0x0000000089807ec8) 
thrown [./open/src/hotspot/share/classfile/systemDictionary.cpp, line 295]
Event: 0.520 Thread 0x0000017cbf61dd90 Exception <a 'java/io/FileNotFoundException'{0x000000008972ee90}> (0x000000008972ee90) 
thrown [./open/src/hotspot/share/prims/jni.cpp, line 578]
Event: 0.528 Thread 0x0000017cbf61dd90 Exception <a 'java/lang/NoSuchMethodError'{0x000000008973df58}: 'void java.lang.invoke.DirectMethodHandle$Holder.invokeStatic(java.lang.Object, java.lang.Object)'> (0x000000008973df58) 
thrown [./open/src/hotspot/share/interpreter/linkResolver.cpp, line 782]
Event: 0.529 Thread 0x0000017cbf61dd90 Exception <a 'java/net/BindException'{0x0000000089743c48}: Address already in use: bind> (0x0000000089743c48) 
thrown [./open/src/hotspot/share/prims/jni.cpp, line 599]
Event: 0.529 Thread 0x0000017cbf61dd90 Exception <a 'java/net/SocketException'{0x0000000089744fd8}: Socket is not connected: shutdown> (0x0000000089744fd8) 
thrown [./open/src/hotspot/share/prims/jni.cpp, line 599]
Event: 0.568 Thread 0x0000017cbf61dd90 Exception <a 'java/lang/ClassNotFoundException'{0x000000008960c300}: sun/awt/resources/spi/awtProvider> (0x000000008960c300) 
thrown [./open/src/hotspot/share/classfile/systemDictionary.cpp, line 295]
Event: 0.573 Thread 0x0000017cbf61dd90 Exception <a 'java/io/FileNotFoundException'{0x0000000089612720}> (0x0000000089612720) 
thrown [./open/src/hotspot/share/prims/jni.cpp, line 578]
Event: 0.583 Thread 0x0000017cbf61dd90 Exception <a 'java/io/FileNotFoundException'{0x0000000089641118}> (0x0000000089641118) 
thrown [./open/src/hotspot/share/prims/jni.cpp, line 578]

Events (20 events):
Event: 1.641 loading class sun/awt/AppContext$PostShutdownEventRunnable done
Event: 1.641 loading class sun/awt/AWTAutoShutdown$1
Event: 1.641 loading class sun/awt/AWTAutoShutdown$1 done
Event: 1.641 Thread 0x0000017cdbf175b0 Thread exited: 0x0000017cdbf175b0
Event: 2.104 Executing VM operation: HandshakeAllThreads
Event: 2.104 Executing VM operation: HandshakeAllThreads done
Event: 5.842 Thread 0x0000017cdba9a6f0 Thread exited: 0x0000017cdba9a6f0
Event: 59.222 Thread 0x0000017cdbf89070 Thread added: 0x0000017cdbf89070
Event: 59.291 loading class java/awt/event/InvocationEvent
Event: 59.291 loading class java/awt/ActiveEvent
Event: 59.291 loading class java/awt/ActiveEvent done
Event: 59.291 loading class java/awt/event/InvocationEvent done
Event: 59.291 loading class java/awt/event/InvocationEvent$1
Event: 59.291 loading class sun/awt/AWTAccessor$InvocationEventAccessor
Event: 59.291 loading class sun/awt/AWTAccessor$InvocationEventAccessor done
Event: 59.291 loading class java/awt/event/InvocationEvent$1 done
Event: 59.291 loading class java/awt/EventQueue$6
Event: 59.292 loading class java/awt/EventQueue$6 done
Event: 59.292 loading class java/awt/EventDispatchThread
Event: 59.292 loading class java/awt/EventDispatchThread done


Dynamic libraries:
0x00007ff78e540000 - 0x00007ff78e54d000 	C:\Users\bouch\OneDrive\Documents\eclipse\plugins\org.eclipse.justj.openjdk.hotspot.jre.full.win32.x86_64_15.0.1.v20201027-0507\jre\bin\javaw.exe
0x00007ffffda80000 - 0x00007ffffdc70000 	C:\WINDOWS\SYSTEM32\ntdll.dll
0x00007ffffcfe0000 - 0x00007ffffd092000 	C:\WINDOWS\System32\KERNEL32.DLL
0x00007ffffaa00000 - 0x00007ffffaca5000 	C:\WINDOWS\System32\KERNELBASE.dll
0x00007ffff8700000 - 0x00007ffff878f000 	C:\WINDOWS\SYSTEM32\apphelp.dll
0x00007ffffad50000 - 0x00007ffffae4a000 	C:\WINDOWS\System32\ucrtbase.dll
0x00007ffff2f80000 - 0x00007ffff2f98000 	C:\Users\bouch\OneDrive\Documents\eclipse\plugins\org.eclipse.justj.openjdk.hotspot.jre.full.win32.x86_64_15.0.1.v20201027-0507\jre\bin\jli.dll
0x00007ffffc8f0000 - 0x00007ffffca84000 	C:\WINDOWS\System32\USER32.dll
0x00007ffffba50000 - 0x00007ffffba71000 	C:\WINDOWS\System32\win32u.dll
0x00007ffffc5b0000 - 0x00007ffffc5d6000 	C:\WINDOWS\System32\GDI32.dll
0x00007ffffb710000 - 0x00007ffffb8a8000 	C:\WINDOWS\System32\gdi32full.dll
0x00007ffffacb0000 - 0x00007ffffad4e000 	C:\WINDOWS\System32\msvcp_win.dll
0x00007fffeb5f0000 - 0x00007fffeb609000 	C:\Users\bouch\OneDrive\Documents\eclipse\plugins\org.eclipse.justj.openjdk.hotspot.jre.full.win32.x86_64_15.0.1.v20201027-0507\jre\bin\VCRUNTIME140.dll
0x00007fffe9830000 - 0x00007fffe9ab4000 	C:\WINDOWS\WinSxS\amd64_microsoft.windows.common-controls_6595b64144ccf1df_6.0.18362.1316_none_9e7a364fe461dbd7\COMCTL32.dll
0x00007ffffd8b0000 - 0x00007ffffd94e000 	C:\WINDOWS\System32\msvcrt.dll
0x00007ffffd180000 - 0x00007ffffd4b7000 	C:\WINDOWS\System32\combase.dll
0x00007ffffd4c0000 - 0x00007ffffd5df000 	C:\WINDOWS\System32\RPCRT4.dll
0x00007ffffae80000 - 0x00007ffffaf01000 	C:\WINDOWS\System32\bcryptPrimitives.dll
0x00007ffffd150000 - 0x00007ffffd17e000 	C:\WINDOWS\System32\IMM32.DLL
0x00007fffeb5e0000 - 0x00007fffeb5ec000 	C:\Users\bouch\OneDrive\Documents\eclipse\plugins\org.eclipse.justj.openjdk.hotspot.jre.full.win32.x86_64_15.0.1.v20201027-0507\jre\bin\vcruntime140_1.dll
0x00007fffc8b60000 - 0x00007fffc8bf1000 	C:\Users\bouch\OneDrive\Documents\eclipse\plugins\org.eclipse.justj.openjdk.hotspot.jre.full.win32.x86_64_15.0.1.v20201027-0507\jre\bin\msvcp140.dll
0x00007fff9f820000 - 0x00007fffa037e000 	C:\Users\bouch\OneDrive\Documents\eclipse\plugins\org.eclipse.justj.openjdk.hotspot.jre.full.win32.x86_64_15.0.1.v20201027-0507\jre\bin\server\jvm.dll
0x00007ffffd800000 - 0x00007ffffd8a3000 	C:\WINDOWS\System32\ADVAPI32.dll
0x00007ffffc780000 - 0x00007ffffc817000 	C:\WINDOWS\System32\sechost.dll
0x00007ffffd5e0000 - 0x00007ffffd5e8000 	C:\WINDOWS\System32\PSAPI.DLL
0x00007fffe1930000 - 0x00007fffe1939000 	C:\WINDOWS\SYSTEM32\WSOCK32.dll
0x00007ffffd950000 - 0x00007ffffd9bf000 	C:\WINDOWS\System32\WS2_32.dll
0x00007ffff83a0000 - 0x00007ffff83c4000 	C:\WINDOWS\SYSTEM32\WINMM.dll
0x00007ffff43c0000 - 0x00007ffff43ca000 	C:\WINDOWS\SYSTEM32\VERSION.dll
0x00007ffff8310000 - 0x00007ffff833d000 	C:\WINDOWS\SYSTEM32\winmmbase.dll
0x00007ffffb8b0000 - 0x00007ffffb8fa000 	C:\WINDOWS\System32\cfgmgr32.dll
0x00007ffffa940000 - 0x00007ffffa951000 	C:\WINDOWS\System32\kernel.appcore.dll
0x00007fffeb5d0000 - 0x00007fffeb5da000 	C:\Users\bouch\OneDrive\Documents\eclipse\plugins\org.eclipse.justj.openjdk.hotspot.jre.full.win32.x86_64_15.0.1.v20201027-0507\jre\bin\jimage.dll
0x00007ffff9220000 - 0x00007ffff9414000 	C:\WINDOWS\SYSTEM32\DBGHELP.DLL
0x00007fffe76e0000 - 0x00007fffe770a000 	C:\WINDOWS\SYSTEM32\dbgcore.DLL
0x00007fffe0910000 - 0x00007fffe0935000 	C:\Users\bouch\OneDrive\Documents\eclipse\plugins\org.eclipse.justj.openjdk.hotspot.jre.full.win32.x86_64_15.0.1.v20201027-0507\jre\bin\java.dll
0x00007fffe08f0000 - 0x00007fffe0908000 	C:\Users\bouch\OneDrive\Documents\eclipse\plugins\org.eclipse.justj.openjdk.hotspot.jre.full.win32.x86_64_15.0.1.v20201027-0507\jre\bin\zip.dll
0x00007ffffbb30000 - 0x00007ffffc218000 	C:\WINDOWS\System32\SHELL32.dll
0x00007ffffd0a0000 - 0x00007ffffd147000 	C:\WINDOWS\System32\shcore.dll
0x00007ffffaf10000 - 0x00007ffffb68b000 	C:\WINDOWS\System32\windows.storage.dll
0x00007ffffa960000 - 0x00007ffffa983000 	C:\WINDOWS\System32\profapi.dll
0x00007ffffa9b0000 - 0x00007ffffa9fa000 	C:\WINDOWS\System32\powrprof.dll
0x00007ffffa930000 - 0x00007ffffa940000 	C:\WINDOWS\System32\UMPDC.dll
0x00007ffffd7a0000 - 0x00007ffffd7f2000 	C:\WINDOWS\System32\shlwapi.dll
0x00007ffffb6f0000 - 0x00007ffffb707000 	C:\WINDOWS\System32\cryptsp.dll
0x00007fffe08d0000 - 0x00007fffe08e9000 	C:\Users\bouch\OneDrive\Documents\eclipse\plugins\org.eclipse.justj.openjdk.hotspot.jre.full.win32.x86_64_15.0.1.v20201027-0507\jre\bin\net.dll
0x00007fffec8b0000 - 0x00007fffec9a0000 	C:\WINDOWS\SYSTEM32\WINHTTP.dll
0x00007ffffa110000 - 0x00007ffffa177000 	C:\WINDOWS\system32\mswsock.dll
0x00007fffdf850000 - 0x00007fffdf862000 	C:\Users\bouch\OneDrive\Documents\eclipse\plugins\org.eclipse.justj.openjdk.hotspot.jre.full.win32.x86_64_15.0.1.v20201027-0507\jre\bin\nio.dll
0x00007ffff52a0000 - 0x00007ffff52b0000 	C:\Users\bouch\OneDrive\Documents\eclipse\plugins\org.eclipse.justj.openjdk.hotspot.jre.full.win32.x86_64_15.0.1.v20201027-0507\jre\bin\verify.dll
0x00007ffff9e20000 - 0x00007ffff9e5a000 	C:\WINDOWS\SYSTEM32\IPHLPAPI.DLL
0x00007ffffc2f0000 - 0x00007ffffc2f8000 	C:\WINDOWS\System32\NSI.dll
0x00007ffff1ce0000 - 0x00007ffff1cf6000 	C:\WINDOWS\SYSTEM32\dhcpcsvc6.DLL
0x00007ffff1cc0000 - 0x00007ffff1cdc000 	C:\WINDOWS\SYSTEM32\dhcpcsvc.DLL
0x00007ffff9e60000 - 0x00007ffff9f2b000 	C:\WINDOWS\SYSTEM32\DNSAPI.dll
0x00007fffec580000 - 0x00007fffec58a000 	C:\Windows\System32\rasadhlp.dll
0x00007fffecdf0000 - 0x00007fffece67000 	C:\WINDOWS\System32\fwpuclnt.dll
0x00007ffffae50000 - 0x00007ffffae76000 	C:\WINDOWS\System32\bcrypt.dll
0x00007fffc89e0000 - 0x00007fffc8b5f000 	C:\Users\bouch\OneDrive\Documents\eclipse\plugins\org.eclipse.justj.openjdk.hotspot.jre.full.win32.x86_64_15.0.1.v20201027-0507\jre\bin\awt.dll
0x00007ffffc220000 - 0x00007ffffc2e5000 	C:\WINDOWS\System32\OLEAUT32.dll
0x00007ffff8cf0000 - 0x00007ffff8d1d000 	C:\WINDOWS\system32\DWMAPI.DLL
0x00007ffff88d0000 - 0x00007ffff8969000 	C:\WINDOWS\system32\uxtheme.dll
0x00007fffdff30000 - 0x00007fffe0086000 	C:\WINDOWS\system32\opengl32.dll
0x00007fffdfc50000 - 0x00007fffdfc7c000 	C:\WINDOWS\SYSTEM32\GLU32.dll
0x00007ffff9570000 - 0x00007ffff9590000 	C:\WINDOWS\SYSTEM32\dxcore.dll
0x00007ffffc640000 - 0x00007ffffc775000 	C:\WINDOWS\System32\MSCTF.dll
0x00007ffffc3f0000 - 0x00007ffffc547000 	C:\WINDOWS\System32\ole32.dll

dbghelp: loaded successfully - version: 4.0.5 - missing functions: none
symbol engine: initialized successfully - sym options: 0x614 - pdb path: .;C:\Users\bouch\OneDrive\Documents\eclipse\plugins\org.eclipse.justj.openjdk.hotspot.jre.full.win32.x86_64_15.0.1.v20201027-0507\jre\bin;C:\WINDOWS\SYSTEM32;C:\WINDOWS\WinSxS\amd64_microsoft.windows.common-controls_6595b64144ccf1df_6.0.18362.1316_none_9e7a364fe461dbd7;C:\Users\bouch\OneDrive\Documents\eclipse\plugins\org.eclipse.justj.openjdk.hotspot.jre.full.win32.x86_64_15.0.1.v20201027-0507\jre\bin\server

VM Arguments:
jvm_args: -Dfile.encoding=Cp1252 -XX:+ShowCodeDetailsInExceptionMessages 
java_command: Chercheur.ChercheurContainer
java_class_path (initial): C:\Users\bouch\eclipse-workspace\SMA_Projet\bin;C:\Users\bouch\eclipse-workspace\SMA_Projet\mysql-connector-java-5.1.40-bin.jar;C:\Users\bouch\eclipse-workspace\SMA_Projet\jade.jar
Launcher Type: SUN_STANDARD

[Global flags]
     intx CICompilerCount                          = 3                                         {product} {ergonomic}
     uint ConcGCThreads                            = 1                                         {product} {ergonomic}
     uint G1ConcRefinementThreads                  = 4                                         {product} {ergonomic}
   size_t G1HeapRegionSize                         = 1048576                                   {product} {ergonomic}
    uintx GCDrainStackTargetSize                   = 64                                        {product} {ergonomic}
   size_t InitialHeapSize                          = 134217728                                 {product} {ergonomic}
   size_t MarkStackSize                            = 4194304                                   {product} {ergonomic}
   size_t MaxHeapSize                              = 2118123520                                {product} {ergonomic}
   size_t MaxNewSize                               = 1270874112                                {product} {ergonomic}
   size_t MinHeapDeltaBytes                        = 1048576                                   {product} {ergonomic}
   size_t MinHeapSize                              = 8388608                                   {product} {ergonomic}
    uintx NonNMethodCodeHeapSize                   = 5832780                                {pd product} {ergonomic}
    uintx NonProfiledCodeHeapSize                  = 122912730                              {pd product} {ergonomic}
    uintx ProfiledCodeHeapSize                     = 122912730                              {pd product} {ergonomic}
    uintx ReservedCodeCacheSize                    = 251658240                              {pd product} {ergonomic}
     bool SegmentedCodeCache                       = true                                      {product} {ergonomic}
     bool ShowCodeDetailsInExceptionMessages       = true                                   {manageable} {command line}
   size_t SoftMaxHeapSize                          = 2118123520                             {manageable} {ergonomic}
     bool UseCompressedClassPointers               = true                                 {lp64_product} {ergonomic}
     bool UseCompressedOops                        = true                                 {lp64_product} {ergonomic}
     bool UseG1GC                                  = true                                      {product} {ergonomic}
     bool UseLargePagesIndividualAllocation        = false                                  {pd product} {ergonomic}

Logging:
Log output configuration:
 #0: stdout all=warning uptime,level,tags
 #1: stderr all=off uptime,level,tags

Environment Variables:
PATH=C:/Users/bouch/OneDrive/Documents/eclipse//plugins/org.eclipse.justj.openjdk.hotspot.jre.full.win32.x86_64_15.0.1.v20201027-0507/jre/bin/server;C:/Users/bouch/OneDrive/Documents/eclipse//plugins/org.eclipse.justj.openjdk.hotspot.jre.full.win32.x86_64_15.0.1.v20201027-0507/jre/bin;C:\WINDOWS\system32;C:\WINDOWS;C:\WINDOWS\System32\Wbem;C:\WINDOWS\System32\WindowsPowerShell\v1.0\;C:\WINDOWS\System32\OpenSSH\;C:\Program Files\Git\cmd;C:\Users\bouch\AppData\Local\Microsoft\WindowsApps;;C:\Users\bouch\AppData\Local\Programs\Microsoft VS Code\bin;C:\Users\bouch\OneDrive\Documents\eclipse;
USERNAME=bouch
OS=Windows_NT
PROCESSOR_IDENTIFIER=Intel64 Family 6 Model 142 Stepping 9, GenuineIntel



---------------  S Y S T E M  ---------------

OS:
 Windows 10 , 64 bit Build 18362 (10.0.18362.1316)
OS uptime: 0 days 2:07 hours

CPU: total 4 (initial active 4) (2 cores per cpu, 2 threads per core) family 6 model 142 stepping 9 microcode 0xb4, cmov, cx8, fxsr, mmx, sse, sse2, sse3, ssse3, sse4.1, sse4.2, popcnt, vzeroupper, avx, avx2, aes, clmul, erms, rtm, 3dnowpref, lzcnt, ht, tsc, tscinvbit, bmi1, bmi2, adx, fma, clflush, clflushopt

Memory: 4k page, system-wide physical 8074M (951M free)
TotalPageFile size 8074M (AvailPageFile size 1M)
current process WorkingSet (physical memory assigned to process): 62M, peak: 66M
current process commit charge ("private bytes"): 211M, peak: 214M

vm_info: OpenJDK 64-Bit Server VM (15.0.1+9-18) for windows-amd64 JRE (15.0.1+9-18), built on Sep 15 2020 14:39:31 by "mach5one" with unknown MS VC++:1925

END.
