#
# There is insufficient memory for the Java Runtime Environment to continue.
# Native memory allocation (mmap) failed to map 134217728 bytes for G1 virtual space
# Possible reasons:
#   The system is out of physical RAM or swap space
#   The process is running with CompressedOops enabled, and the Java Heap may be blocking the growth of the native heap
# Possible solutions:
#   Reduce memory load on the system
#   Increase physical memory or swap space
#   Check if swap backing store is full
#   Decrease Java heap size (-Xmx/-Xms)
#   Decrease number of Java threads
#   Decrease Java thread stack sizes (-Xss)
#   Set larger code cache with -XX:ReservedCodeCacheSize=
#   JVM is running with Unscaled Compressed Oops mode in which the Java heap is
#     placed in the first 4GB address space. The Java Heap base address is the
#     maximum limit for the native heap growth. Please use -XX:HeapBaseMinAddress
#     to set the Java Heap base and to place the Java Heap above 4GB virtual address.
# This output file may be truncated or incomplete.
#
#  Out of Memory Error (./open/src/hotspot/os/windows/os_windows.cpp:3472), pid=6340, tid=1488
#
# JRE version:  (15.0.1+9) (build )
# Java VM: OpenJDK 64-Bit Server VM (15.0.1+9-18, mixed mode, sharing, tiered, compressed oops, g1 gc, windows-amd64)
# No core dump will be written. Minidumps are not enabled by default on client versions of Windows
#

---------------  S U M M A R Y ------------

Command Line: -Dfile.encoding=Cp1252 -XX:+ShowCodeDetailsInExceptionMessages Utilisateur.UtilisateurContainer

Host: Intel(R) Core(TM) i5-7300U CPU @ 2.60GHz, 4 cores, 7G,  Windows 10 , 64 bit Build 18362 (10.0.18362.1316)
Time: Mon Feb 15 19:44:24 2021 Morocco Summer Time elapsed time: 0.043187 seconds (0d 0h 0m 0s)

---------------  T H R E A D  ---------------

Current thread (0x00000279e0820ec0):  JavaThread "Unknown thread" [_thread_in_vm, id=1488, stack(0x000000b72a100000,0x000000b72a200000)]

Stack: [0x000000b72a100000,0x000000b72a200000]
Native frames: (J=compiled Java code, j=interpreted, Vv=VM code, C=native code)
V  [jvm.dll+0x62ae9a]
V  [jvm.dll+0x781389]
V  [jvm.dll+0x782ae3]
V  [jvm.dll+0x783143]
V  [jvm.dll+0x216265]
V  [jvm.dll+0x6281d9]
V  [jvm.dll+0x61cd15]
V  [jvm.dll+0x2d01fd]
V  [jvm.dll+0x2d0062]
V  [jvm.dll+0x2d603c]
V  [jvm.dll+0x325b2a]
V  [jvm.dll+0x3251f4]
V  [jvm.dll+0x2a717a]
V  [jvm.dll+0x2a8318]
V  [jvm.dll+0x75e101]
V  [jvm.dll+0x3343e4]
V  [jvm.dll+0x73e826]
V  [jvm.dll+0x3b7777]
V  [jvm.dll+0x3b9201]
C  [jli.dll+0x52fb]
C  [ucrtbase.dll+0x210b2]
C  [KERNEL32.DLL+0x17c24]
C  [ntdll.dll+0x6d4d1]


---------------  P R O C E S S  ---------------

Threads class SMR info:
_java_thread_list=0x00007fffa02e4ff0, length=0, elements={
}

Java Threads: ( => current thread )

Other Threads:
  0x00000279e085f450 GCTaskThread "GC Thread#0" [stack: 0x000000b72a200000,0x000000b72a300000] [id=608]
  0x00000279e08722d0 ConcurrentGCThread "G1 Main Marker" [stack: 0x000000b72a300000,0x000000b72a400000] [id=10924]
  0x00000279e08735f0 ConcurrentGCThread "G1 Conc#0" [stack: 0x000000b72a400000,0x000000b72a500000] [id=11384]

[error occurred during error reporting (printing all threads), id 0xc0000005, EXCEPTION_ACCESS_VIOLATION (0xc0000005) at pc=0x00007fff9fad8047]

VM state: not at safepoint (not fully initialized)

VM Mutex/Monitor currently owned by a thread:  ([mutex/lock_event])
[0x00000279e081e390] Heap_lock - owner thread: 0x00000279e0820ec0

Heap address: 0x0000000081c00000, size: 2020 MB, Compressed Oops mode: 32-bit
CDS archive(s) mapped at: [0x0000000000000000-0x0000000000000000-0x0000000000000000), size 0, SharedBaseAddress: 0x0000000800000000, ArchiveRelocationMode: 0.
Narrow klass base: 0x0000000000000000, Narrow klass shift: 0, Narrow klass range: 0x0

Heap:
 garbage-first heap   total 131072K, used 0K [0x0000000081c00000, 0x0000000100000000)
  region size 1024K, 0 young (0K), 0 survivors (0K)
 Metaspace       used 0K, capacity 0K, committed 0K, reserved 0K
  class space    used 0K, capacity 0K, committed 0K, reserved 0K

Heap Regions: E=young(eden), S=young(survivor), O=old, HS=humongous(starts), HC=humongous(continues), CS=collection set, F=free, OA=open archive, CA=closed archive, TAMS=top-at-mark-start (previous, next)

Card table byte_map: [0x00000279f3620000,0x00000279f3a20000] _byte_map_base: 0x00000279f3212000

Marking Bits (Prev, Next): (CMBitMap*) 0x00000279e0861bf0, (CMBitMap*) 0x00000279e0861c30
 Prev Bits: [0x00000279f3e20000, 0x00000279f5db0000)
 Next Bits: [0x00000279f5db0000, 0x00000279f7d40000)

GC Heap History (0 events):
No events

Deoptimization events (0 events):
No events

Classes unloaded (0 events):
No events

Classes redefined (0 events):
No events

Internal exceptions (0 events):
No events

Events (1 events):
Event: 0.012 Loaded shared library C:\Users\bouch\OneDrive\Documents\eclipse\plugins\org.eclipse.justj.openjdk.hotspot.jre.full.win32.x86_64_15.0.1.v20201027-0507\jre\bin\java.dll


Dynamic libraries:
0x00007ff78e540000 - 0x00007ff78e54d000 	C:\Users\bouch\OneDrive\Documents\eclipse\plugins\org.eclipse.justj.openjdk.hotspot.jre.full.win32.x86_64_15.0.1.v20201027-0507\jre\bin\javaw.exe
0x00007ffffda80000 - 0x00007ffffdc70000 	C:\WINDOWS\SYSTEM32\ntdll.dll
0x00007ffffcfe0000 - 0x00007ffffd092000 	C:\WINDOWS\System32\KERNEL32.DLL
0x00007ffffaa00000 - 0x00007ffffaca5000 	C:\WINDOWS\System32\KERNELBASE.dll
0x00007ffff8700000 - 0x00007ffff878f000 	C:\WINDOWS\SYSTEM32\apphelp.dll
0x00007ffffad50000 - 0x00007ffffae4a000 	C:\WINDOWS\System32\ucrtbase.dll
0x00007ffff2f80000 - 0x00007ffff2f98000 	C:\Users\bouch\OneDrive\Documents\eclipse\plugins\org.eclipse.justj.openjdk.hotspot.jre.full.win32.x86_64_15.0.1.v20201027-0507\jre\bin\jli.dll
0x00007ffffc8f0000 - 0x00007ffffca84000 	C:\WINDOWS\System32\USER32.dll
0x00007ffffba50000 - 0x00007ffffba71000 	C:\WINDOWS\System32\win32u.dll
0x00007fffeb5f0000 - 0x00007fffeb609000 	C:\Users\bouch\OneDrive\Documents\eclipse\plugins\org.eclipse.justj.openjdk.hotspot.jre.full.win32.x86_64_15.0.1.v20201027-0507\jre\bin\VCRUNTIME140.dll
0x00007ffffc5b0000 - 0x00007ffffc5d6000 	C:\WINDOWS\System32\GDI32.dll
0x00007ffffb710000 - 0x00007ffffb8a8000 	C:\WINDOWS\System32\gdi32full.dll
0x00007ffffacb0000 - 0x00007ffffad4e000 	C:\WINDOWS\System32\msvcp_win.dll
0x00007fffe9830000 - 0x00007fffe9ab4000 	C:\WINDOWS\WinSxS\amd64_microsoft.windows.common-controls_6595b64144ccf1df_6.0.18362.1316_none_9e7a364fe461dbd7\COMCTL32.dll
0x00007ffffd8b0000 - 0x00007ffffd94e000 	C:\WINDOWS\System32\msvcrt.dll
0x00007ffffd180000 - 0x00007ffffd4b7000 	C:\WINDOWS\System32\combase.dll
0x00007ffffd4c0000 - 0x00007ffffd5df000 	C:\WINDOWS\System32\RPCRT4.dll
0x00007ffffae80000 - 0x00007ffffaf01000 	C:\WINDOWS\System32\bcryptPrimitives.dll
0x00007ffffd150000 - 0x00007ffffd17e000 	C:\WINDOWS\System32\IMM32.DLL
0x00007fffeb5e0000 - 0x00007fffeb5ec000 	C:\Users\bouch\OneDrive\Documents\eclipse\plugins\org.eclipse.justj.openjdk.hotspot.jre.full.win32.x86_64_15.0.1.v20201027-0507\jre\bin\vcruntime140_1.dll
0x00007fffc8b60000 - 0x00007fffc8bf1000 	C:\Users\bouch\OneDrive\Documents\eclipse\plugins\org.eclipse.justj.openjdk.hotspot.jre.full.win32.x86_64_15.0.1.v20201027-0507\jre\bin\msvcp140.dll
0x00007fff9f820000 - 0x00007fffa037e000 	C:\Users\bouch\OneDrive\Documents\eclipse\plugins\org.eclipse.justj.openjdk.hotspot.jre.full.win32.x86_64_15.0.1.v20201027-0507\jre\bin\server\jvm.dll
0x00007ffffd800000 - 0x00007ffffd8a3000 	C:\WINDOWS\System32\ADVAPI32.dll
0x00007ffffc780000 - 0x00007ffffc817000 	C:\WINDOWS\System32\sechost.dll
0x00007ffffd5e0000 - 0x00007ffffd5e8000 	C:\WINDOWS\System32\PSAPI.DLL
0x00007fffe1930000 - 0x00007fffe1939000 	C:\WINDOWS\SYSTEM32\WSOCK32.dll
0x00007ffffd950000 - 0x00007ffffd9bf000 	C:\WINDOWS\System32\WS2_32.dll
0x00007ffff83a0000 - 0x00007ffff83c4000 	C:\WINDOWS\SYSTEM32\WINMM.dll
0x00007ffff43c0000 - 0x00007ffff43ca000 	C:\WINDOWS\SYSTEM32\VERSION.dll
0x00007ffff8310000 - 0x00007ffff833d000 	C:\WINDOWS\SYSTEM32\WINMMBASE.dll
0x00007ffffb8b0000 - 0x00007ffffb8fa000 	C:\WINDOWS\System32\cfgmgr32.dll
0x00007ffffa940000 - 0x00007ffffa951000 	C:\WINDOWS\System32\kernel.appcore.dll
0x00007fffeb5d0000 - 0x00007fffeb5da000 	C:\Users\bouch\OneDrive\Documents\eclipse\plugins\org.eclipse.justj.openjdk.hotspot.jre.full.win32.x86_64_15.0.1.v20201027-0507\jre\bin\jimage.dll
0x00007ffff9220000 - 0x00007ffff9414000 	C:\WINDOWS\SYSTEM32\DBGHELP.DLL
0x00007fffe76e0000 - 0x00007fffe770a000 	C:\WINDOWS\SYSTEM32\dbgcore.DLL
0x00007fffe0910000 - 0x00007fffe0935000 	C:\Users\bouch\OneDrive\Documents\eclipse\plugins\org.eclipse.justj.openjdk.hotspot.jre.full.win32.x86_64_15.0.1.v20201027-0507\jre\bin\java.dll

dbghelp: loaded successfully - version: 4.0.5 - missing functions: none
symbol engine: initialized successfully - sym options: 0x614 - pdb path: .;C:\Users\bouch\OneDrive\Documents\eclipse\plugins\org.eclipse.justj.openjdk.hotspot.jre.full.win32.x86_64_15.0.1.v20201027-0507\jre\bin;C:\WINDOWS\SYSTEM32;C:\WINDOWS\WinSxS\amd64_microsoft.windows.common-controls_6595b64144ccf1df_6.0.18362.1316_none_9e7a364fe461dbd7;C:\Users\bouch\OneDrive\Documents\eclipse\plugins\org.eclipse.justj.openjdk.hotspot.jre.full.win32.x86_64_15.0.1.v20201027-0507\jre\bin\server

VM Arguments:
jvm_args: -Dfile.encoding=Cp1252 -XX:+ShowCodeDetailsInExceptionMessages 
java_command: Utilisateur.UtilisateurContainer
java_class_path (initial): C:\Users\bouch\eclipse-workspace\SMA_Projet\bin;C:\Users\bouch\eclipse-workspace\SMA_Projet\mysql-connector-java-5.1.40-bin.jar;C:\Users\bouch\eclipse-workspace\SMA_Projet\jade.jar
Launcher Type: SUN_STANDARD

[Global flags]
     intx CICompilerCount                          = 3                                         {product} {ergonomic}
     uint ConcGCThreads                            = 1                                         {product} {ergonomic}
     uint G1ConcRefinementThreads                  = 4                                         {product} {ergonomic}
   size_t G1HeapRegionSize                         = 1048576                                   {product} {ergonomic}
    uintx GCDrainStackTargetSize                   = 64                                        {product} {ergonomic}
   size_t InitialHeapSize                          = 134217728                                 {product} {ergonomic}
   size_t MarkStackSize                            = 4194304                                   {product} {ergonomic}
   size_t MaxHeapSize                              = 2118123520                                {product} {ergonomic}
   size_t MinHeapDeltaBytes                        = 1048576                                   {product} {ergonomic}
   size_t MinHeapSize                              = 8388608                                   {product} {ergonomic}
    uintx NonNMethodCodeHeapSize                   = 5832780                                {pd product} {ergonomic}
    uintx NonProfiledCodeHeapSize                  = 122912730                              {pd product} {ergonomic}
    uintx ProfiledCodeHeapSize                     = 122912730                              {pd product} {ergonomic}
    uintx ReservedCodeCacheSize                    = 251658240                              {pd product} {ergonomic}
     bool SegmentedCodeCache                       = true                                      {product} {ergonomic}
     bool ShowCodeDetailsInExceptionMessages       = true                                   {manageable} {command line}
   size_t SoftMaxHeapSize                          = 2118123520                             {manageable} {ergonomic}
     bool UseCompressedClassPointers               = true                                 {lp64_product} {ergonomic}
     bool UseCompressedOops                        = true                                 {lp64_product} {ergonomic}
     bool UseG1GC                                  = true                                      {product} {ergonomic}
     bool UseLargePagesIndividualAllocation        = false                                  {pd product} {ergonomic}

Logging:
Log output configuration:
 #0: stdout all=warning uptime,level,tags
 #1: stderr all=off uptime,level,tags

Environment Variables:
PATH=C:/Users/bouch/OneDrive/Documents/eclipse//plugins/org.eclipse.justj.openjdk.hotspot.jre.full.win32.x86_64_15.0.1.v20201027-0507/jre/bin/server;C:/Users/bouch/OneDrive/Documents/eclipse//plugins/org.eclipse.justj.openjdk.hotspot.jre.full.win32.x86_64_15.0.1.v20201027-0507/jre/bin;C:\WINDOWS\system32;C:\WINDOWS;C:\WINDOWS\System32\Wbem;C:\WINDOWS\System32\WindowsPowerShell\v1.0\;C:\WINDOWS\System32\OpenSSH\;C:\Program Files\Git\cmd;C:\Users\bouch\AppData\Local\Microsoft\WindowsApps;;C:\Users\bouch\AppData\Local\Programs\Microsoft VS Code\bin;C:\Users\bouch\OneDrive\Documents\eclipse;
USERNAME=bouch
OS=Windows_NT
PROCESSOR_IDENTIFIER=Intel64 Family 6 Model 142 Stepping 9, GenuineIntel



---------------  S Y S T E M  ---------------

OS:
 Windows 10 , 64 bit Build 18362 (10.0.18362.1316)
OS uptime: 0 days 2:06 hours

CPU: total 4 (initial active 4) (2 cores per cpu, 2 threads per core) family 6 model 142 stepping 9 microcode 0xb4, cmov, cx8, fxsr, mmx, sse, sse2, sse3, ssse3, sse4.1, sse4.2, popcnt, vzeroupper, avx, avx2, aes, clmul, erms, rtm, 3dnowpref, lzcnt, ht, tsc, tscinvbit, bmi1, bmi2, adx, fma, clflush, clflushopt

Memory: 4k page, system-wide physical 8074M (1029M free)
TotalPageFile size 8074M (AvailPageFile size 78M)
current process WorkingSet (physical memory assigned to process): 10M, peak: 10M
current process commit charge ("private bytes"): 51M, peak: 179M

vm_info: OpenJDK 64-Bit Server VM (15.0.1+9-18) for windows-amd64 JRE (15.0.1+9-18), built on Sep 15 2020 14:39:31 by "mach5one" with unknown MS VC++:1925

END.
